E:\Visual Studio 2017\angular2MVC\angular2MVC\app\app.component.js
E:\Visual Studio 2017\angular2MVC\angular2MVC\app\app.component.js.map
E:\Visual Studio 2017\angular2MVC\angular2MVC\app\components\home.component.js
E:\Visual Studio 2017\angular2MVC\angular2MVC\app\components\home.component.js.map
E:\Visual Studio 2017\angular2MVC\angular2MVC\app\Service\user.service.js
E:\Visual Studio 2017\angular2MVC\angular2MVC\app\Service\user.service.js.map
E:\Visual Studio 2017\angular2MVC\angular2MVC\app\Models\user.js
E:\Visual Studio 2017\angular2MVC\angular2MVC\app\Models\user.js.map
E:\Visual Studio 2017\angular2MVC\angular2MVC\app\Shared\enum.js
E:\Visual Studio 2017\angular2MVC\angular2MVC\app\Shared\enum.js.map
E:\Visual Studio 2017\angular2MVC\angular2MVC\app\Shared\global.js
E:\Visual Studio 2017\angular2MVC\angular2MVC\app\Shared\global.js.map
E:\Visual Studio 2017\angular2MVC\angular2MVC\app\components\user.component.js
E:\Visual Studio 2017\angular2MVC\angular2MVC\app\components\user.component.js.map
E:\Visual Studio 2017\angular2MVC\angular2MVC\app\app.routing.js
E:\Visual Studio 2017\angular2MVC\angular2MVC\app\app.routing.js.map
E:\Visual Studio 2017\angular2MVC\angular2MVC\app\app.module.js
E:\Visual Studio 2017\angular2MVC\angular2MVC\app\app.module.js.map
E:\Visual Studio 2017\angular2MVC\angular2MVC\app\main.js
E:\Visual Studio 2017\angular2MVC\angular2MVC\app\main.js.map
E:\Visual Studio 2017\angular2MVC\angular2MVC\app\app.component.js
E:\Visual Studio 2017\angular2MVC\angular2MVC\app\app.component.js.map
E:\Visual Studio 2017\angular2MVC\angular2MVC\app\components\home.component.js
E:\Visual Studio 2017\angular2MVC\angular2MVC\app\components\home.component.js.map
E:\Visual Studio 2017\angular2MVC\angular2MVC\app\Service\user.service.js
E:\Visual Studio 2017\angular2MVC\angular2MVC\app\Service\user.service.js.map
E:\Visual Studio 2017\angular2MVC\angular2MVC\app\Models\user.js
E:\Visual Studio 2017\angular2MVC\angular2MVC\app\Models\user.js.map
E:\Visual Studio 2017\angular2MVC\angular2MVC\app\Shared\enum.js
E:\Visual Studio 2017\angular2MVC\angular2MVC\app\Shared\enum.js.map
E:\Visual Studio 2017\angular2MVC\angular2MVC\app\Shared\global.js
E:\Visual Studio 2017\angular2MVC\angular2MVC\app\Shared\global.js.map
E:\Visual Studio 2017\angular2MVC\angular2MVC\app\components\user.component.js
E:\Visual Studio 2017\angular2MVC\angular2MVC\app\components\user.component.js.map
E:\Visual Studio 2017\angular2MVC\angular2MVC\app\app.routing.js
E:\Visual Studio 2017\angular2MVC\angular2MVC\app\app.routing.js.map
E:\Visual Studio 2017\angular2MVC\angular2MVC\app\app.module.js
E:\Visual Studio 2017\angular2MVC\angular2MVC\app\app.module.js.map
E:\Visual Studio 2017\angular2MVC\angular2MVC\app\main.js
E:\Visual Studio 2017\angular2MVC\angular2MVC\app\main.js.map
E:\Visual Studio 2017\angular2MVC\angular2MVC\app\app.component.js
E:\Visual Studio 2017\angular2MVC\angular2MVC\app\app.component.js.map
E:\Visual Studio 2017\angular2MVC\angular2MVC\app\components\home.component.js
E:\Visual Studio 2017\angular2MVC\angular2MVC\app\components\home.component.js.map
E:\Visual Studio 2017\angular2MVC\angular2MVC\app\Service\user.service.js
E:\Visual Studio 2017\angular2MVC\angular2MVC\app\Service\user.service.js.map
E:\Visual Studio 2017\angular2MVC\angular2MVC\app\Models\user.js
E:\Visual Studio 2017\angular2MVC\angular2MVC\app\Models\user.js.map
E:\Visual Studio 2017\angular2MVC\angular2MVC\app\Shared\enum.js
E:\Visual Studio 2017\angular2MVC\angular2MVC\app\Shared\enum.js.map
E:\Visual Studio 2017\angular2MVC\angular2MVC\app\Shared\global.js
E:\Visual Studio 2017\angular2MVC\angular2MVC\app\Shared\global.js.map
E:\Visual Studio 2017\angular2MVC\angular2MVC\app\components\user.component.js
E:\Visual Studio 2017\angular2MVC\angular2MVC\app\components\user.component.js.map
E:\Visual Studio 2017\angular2MVC\angular2MVC\app\app.routing.js
E:\Visual Studio 2017\angular2MVC\angular2MVC\app\app.routing.js.map
E:\Visual Studio 2017\angular2MVC\angular2MVC\app\app.module.js
E:\Visual Studio 2017\angular2MVC\angular2MVC\app\app.module.js.map
E:\Visual Studio 2017\angular2MVC\angular2MVC\app\main.js
E:\Visual Studio 2017\angular2MVC\angular2MVC\app\main.js.map
E:\Visual Studio 2017\angular2MVC\angular2MVC\app\app.component.js
E:\Visual Studio 2017\angular2MVC\angular2MVC\app\app.component.js.map
E:\Visual Studio 2017\angular2MVC\angular2MVC\app\components\home.component.js
E:\Visual Studio 2017\angular2MVC\angular2MVC\app\components\home.component.js.map
E:\Visual Studio 2017\angular2MVC\angular2MVC\app\Service\user.service.js
E:\Visual Studio 2017\angular2MVC\angular2MVC\app\Service\user.service.js.map
E:\Visual Studio 2017\angular2MVC\angular2MVC\app\Models\user.js
E:\Visual Studio 2017\angular2MVC\angular2MVC\app\Models\user.js.map
E:\Visual Studio 2017\angular2MVC\angular2MVC\app\Shared\enum.js
E:\Visual Studio 2017\angular2MVC\angular2MVC\app\Shared\enum.js.map
E:\Visual Studio 2017\angular2MVC\angular2MVC\app\Shared\global.js
E:\Visual Studio 2017\angular2MVC\angular2MVC\app\Shared\global.js.map
E:\Visual Studio 2017\angular2MVC\angular2MVC\app\components\user.component.js
E:\Visual Studio 2017\angular2MVC\angular2MVC\app\components\user.component.js.map
E:\Visual Studio 2017\angular2MVC\angular2MVC\app\app.routing.js
E:\Visual Studio 2017\angular2MVC\angular2MVC\app\app.routing.js.map
E:\Visual Studio 2017\angular2MVC\angular2MVC\app\app.module.js
E:\Visual Studio 2017\angular2MVC\angular2MVC\app\app.module.js.map
E:\Visual Studio 2017\angular2MVC\angular2MVC\app\main.js
E:\Visual Studio 2017\angular2MVC\angular2MVC\app\main.js.map
E:\Visual Studio 2017\angular2MVC\angular2MVC\app\app.component.js
E:\Visual Studio 2017\angular2MVC\angular2MVC\app\app.component.js.map
E:\Visual Studio 2017\angular2MVC\angular2MVC\app\components\home.component.js
E:\Visual Studio 2017\angular2MVC\angular2MVC\app\components\home.component.js.map
E:\Visual Studio 2017\angular2MVC\angular2MVC\app\Service\user.service.js
E:\Visual Studio 2017\angular2MVC\angular2MVC\app\Service\user.service.js.map
E:\Visual Studio 2017\angular2MVC\angular2MVC\app\Models\user.js
E:\Visual Studio 2017\angular2MVC\angular2MVC\app\Models\user.js.map
E:\Visual Studio 2017\angular2MVC\angular2MVC\app\Shared\enum.js
E:\Visual Studio 2017\angular2MVC\angular2MVC\app\Shared\enum.js.map
E:\Visual Studio 2017\angular2MVC\angular2MVC\app\Shared\global.js
E:\Visual Studio 2017\angular2MVC\angular2MVC\app\Shared\global.js.map
E:\Visual Studio 2017\angular2MVC\angular2MVC\app\components\user.component.js
E:\Visual Studio 2017\angular2MVC\angular2MVC\app\components\user.component.js.map
E:\Visual Studio 2017\angular2MVC\angular2MVC\app\app.routing.js
E:\Visual Studio 2017\angular2MVC\angular2MVC\app\app.routing.js.map
E:\Visual Studio 2017\angular2MVC\angular2MVC\app\app.module.js
E:\Visual Studio 2017\angular2MVC\angular2MVC\app\app.module.js.map
E:\Visual Studio 2017\angular2MVC\angular2MVC\app\main.js
E:\Visual Studio 2017\angular2MVC\angular2MVC\app\main.js.map
